\BOOKMARK [0][-]{chapter*.1}{\376\377\000A\000g\000r\000a\000d\000e\000c\000i\000m\000i\000e\000n\000t\000o\000s}{}% 1
\BOOKMARK [0][-]{chapter*.2}{\376\377\000R\000e\000s\000u\000m\000e\000n}{}% 2
\BOOKMARK [0][-]{chapter*.4}{\376\377\000A\000b\000s\000t\000r\000a\000c\000t}{}% 3
\BOOKMARK [0][-]{chapter*.6}{\376\377\000\315\000n\000d\000i\000c\000e}{}% 4
\BOOKMARK [0][-]{chapter.1}{\376\377\000I\000n\000t\000r\000o\000d\000u\000c\000c\000i\000\363\000n}{}% 5
\BOOKMARK [1][-]{section.1.1}{\376\377\000M\000o\000t\000i\000v\000a\000c\000i\000\363\000n\000\040\000d\000e\000l\000\040\000p\000r\000o\000y\000e\000c\000t\000o}{chapter.1}% 6
\BOOKMARK [1][-]{section.1.2}{\376\377\000O\000b\000j\000e\000t\000i\000v\000o\000s}{chapter.1}% 7
\BOOKMARK [1][-]{section.1.3}{\376\377\000M\000a\000t\000e\000r\000i\000a\000l\000e\000s\000\040\000u\000t\000i\000l\000i\000z\000a\000d\000o\000s}{chapter.1}% 8
\BOOKMARK [1][-]{section.1.4}{\376\377\000E\000s\000t\000r\000u\000c\000t\000u\000r\000a\000\040\000d\000e\000l\000\040\000d\000o\000c\000u\000m\000e\000n\000t\000o}{chapter.1}% 9
\BOOKMARK [0][-]{chapter.2}{\376\377\000E\000s\000t\000a\000d\000o\000\040\000d\000e\000l\000\040\000a\000r\000t\000e}{}% 10
\BOOKMARK [1][-]{section.2.1}{\376\377\000A\000l\000g\000o\000r\000i\000t\000m\000o\000s\000\040\000d\000e\000\040\000c\000o\000n\000t\000r\000o\000l\000\040\000d\000e\000\040\000p\000a\000n\000e\000l\000e\000s\000\040\000s\000o\000l\000a\000r\000e\000s}{chapter.2}% 11
\BOOKMARK [1][-]{section.2.2}{\376\377\000A\000l\000g\000o\000r\000i\000t\000m\000o\000s\000\040\000M\000P\000P\000T}{chapter.2}% 12
\BOOKMARK [1][-]{section.2.3}{\376\377\000A\000l\000g\000o\000r\000i\000t\000m\000o\000s\000\040\000M\000P\000P\000T\000\040\000m\000o\000d\000e\000r\000n\000o\000s}{chapter.2}% 13
\BOOKMARK [1][-]{section.2.4}{\376\377\000R\000e\000d\000e\000s\000\040\000n\000e\000u\000r\000o\000n\000a\000l\000e\000s}{chapter.2}% 14
\BOOKMARK [0][-]{chapter.3}{\376\377\000M\000a\000r\000c\000o\000\040\000T\000e\000\363\000r\000i\000c\000o}{}% 15
\BOOKMARK [0][-]{chapter.4}{\376\377\000M\000e\000t\000o\000d\000o\000l\000o\000g\000\355\000a}{}% 16
\BOOKMARK [1][-]{section.4.1}{\376\377\000P\000l\000a\000n\000i\000f\000i\000c\000a\000c\000i\000\363\000n\000\040\000d\000e\000l\000\040\000p\000r\000o\000y\000e\000c\000t\000o}{chapter.4}% 17
\BOOKMARK [1][-]{section.4.2}{\376\377\000S\000i\000m\000u\000l\000a\000c\000i\000\363\000n\000\040\000d\000e\000l\000\040\000p\000a\000n\000e\000l\000\040\000s\000o\000l\000a\000r}{chapter.4}% 18
\BOOKMARK [1][-]{section.4.3}{\376\377\000E\000n\000t\000r\000e\000n\000a\000m\000i\000e\000n\000t\000o\000\040\000d\000e\000\040\000r\000e\000d\000\040\000n\000e\000u\000r\000o\000n\000a\000l\000\040\000p\000a\000r\000a\000\040\000M\000P\000P\000T}{chapter.4}% 19
\BOOKMARK [1][-]{section.4.4}{\376\377\000I\000m\000p\000l\000e\000m\000e\000n\000t\000a\000c\000i\000\363\000n\000\040\000e\000n\000\040\000m\000i\000c\000r\000o\000c\000o\000n\000t\000r\000o\000l\000a\000d\000o\000r}{chapter.4}% 20
\BOOKMARK [1][-]{section.4.5}{\376\377\000E\000v\000a\000l\000u\000a\000c\000i\000\363\000n\000\040\000d\000e\000\040\000e\000f\000e\000c\000t\000i\000v\000i\000d\000a\000d}{chapter.4}% 21
\BOOKMARK [0][-]{chapter.5}{\376\377\000R\000e\000s\000u\000l\000t\000a\000d\000o\000s\000\040\000y\000\040\000d\000i\000s\000c\000u\000s\000i\000\363\000n}{}% 22
\BOOKMARK [1][-]{section.5.1}{\376\377\000R\000e\000s\000u\000l\000t\000a\000d\000o\000s}{chapter.5}% 23
\BOOKMARK [1][-]{section.5.2}{\376\377\000D\000i\000s\000c\000u\000s\000i\000\363\000n}{chapter.5}% 24
\BOOKMARK [0][-]{chapter.6}{\376\377\000G\000e\000s\000t\000i\000\363\000n\000\040\000d\000e\000l\000\040\000p\000r\000o\000y\000e\000c\000t\000o}{}% 25
\BOOKMARK [1][-]{section.6.1}{\376\377\000C\000i\000c\000l\000o\000\040\000d\000e\000\040\000v\000i\000d\000a}{chapter.6}% 26
\BOOKMARK [1][-]{section.6.2}{\376\377\000P\000l\000a\000n\000i\000f\000i\000c\000a\000c\000i\000\363\000n}{chapter.6}% 27
\BOOKMARK [2][-]{subsection.6.2.1}{\376\377\000P\000l\000a\000n\000i\000f\000i\000c\000a\000c\000i\000\363\000n\000\040\000i\000n\000i\000c\000i\000a\000l}{section.6.2}% 28
\BOOKMARK [2][-]{subsection.6.2.2}{\376\377\000P\000l\000a\000n\000i\000f\000i\000c\000a\000c\000i\000\363\000n\000\040\000f\000i\000n\000a\000l}{section.6.2}% 29
\BOOKMARK [1][-]{section.6.3}{\376\377\000P\000r\000e\000s\000u\000p\000u\000e\000s\000t\000o}{chapter.6}% 30
\BOOKMARK [2][-]{subsection.6.3.1}{\376\377\000P\000e\000r\000s\000o\000n\000a\000l}{section.6.3}% 31
\BOOKMARK [2][-]{subsection.6.3.2}{\376\377\000M\000a\000t\000e\000r\000i\000a\000l}{section.6.3}% 32
\BOOKMARK [2][-]{subsection.6.3.3}{\376\377\000R\000e\000s\000u\000m\000e\000n\000\040\000d\000e\000\040\000c\000o\000s\000t\000e\000s}{section.6.3}% 33
\BOOKMARK [0][-]{chapter.7}{\376\377\000C\000o\000n\000c\000l\000u\000s\000i\000o\000n\000e\000s}{}% 34
\BOOKMARK [1][-]{section.7.1}{\376\377\000C\000o\000n\000c\000l\000u\000s\000i\000\363\000n}{chapter.7}% 35
\BOOKMARK [1][-]{section.7.2}{\376\377\000D\000e\000s\000a\000r\000r\000o\000l\000l\000o\000s\000\040\000f\000u\000t\000u\000r\000o\000s}{chapter.7}% 36
\BOOKMARK [0][-]{appendix.Alph1}{\376\377\000A\000n\000e\000x\000o\000\040\000d\000e\000\040\000c\000\363\000d\000i\000g\000o}{}% 37
\BOOKMARK [1][-]{section.Alph1.1}{\376\377\000C\000\361\000o\000d\000i\000g\000o\000\040\000d\000e\000\040\000s\000i\000m\000u\000l\000a\000c\000i\000\363\000n\000\040\000d\000e\000\040\000p\000a\000n\000e\000l\000\040\000s\000o\000l\000a\000r}{appendix.Alph1}% 38
\BOOKMARK [1][-]{section.Alph1.2}{\376\377\000C\000\363\000d\000i\000g\000o\000\040\000d\000e\000\040\000e\000n\000t\000r\000e\000n\000a\000m\000i\000e\000n\000t\000o\000\040\000d\000e\000\040\000r\000e\000d\000\040\000n\000e\000u\000r\000o\000n\000a\000l}{appendix.Alph1}% 39
\BOOKMARK [1][-]{section.Alph1.3}{\376\377\000C\000\363\000s\000i\000g\000o\000\040\000d\000e\000\040\000i\000m\000p\000l\000e\000m\000e\000n\000t\000a\000c\000i\000\363\000n\000\040\000e\000n\000\040\000m\000i\000c\000r\000o\000c\000o\000n\000t\000r\000o\000l\000a\000d\000o\000r}{appendix.Alph1}% 40
\BOOKMARK [0][-]{appendix.Alph2}{\376\377\000A\000n\000e\000x\000o\000\040\000d\000e\000\040\000e\000j\000e\000m\000p\000l\000o\000s\000\040\000L\000a\000T\000e\000X}{}% 41
\BOOKMARK [1][-]{section.Alph2.1}{\376\377\000C\000i\000t\000a\000s}{appendix.Alph2}% 42
\BOOKMARK [1][-]{section.Alph2.2}{\376\377\000S\000i\000m\000u\000l\000a\000c\000i\000o\000n\000e\000s}{appendix.Alph2}% 43
\BOOKMARK [1][-]{section.Alph2.3}{\376\377\000T\000a\000b\000l\000a\000s}{appendix.Alph2}% 44
\BOOKMARK [1][-]{section.Alph2.4}{\376\377\000R\000e\000f\000e\000r\000e\000n\000c\000i\000a\000\040\000a\000\040\000u\000n\000a\000\040\000s\000e\000c\000c\000i\000\363\000n}{appendix.Alph2}% 45
\BOOKMARK [1][-]{section.Alph2.5}{\376\377\000T\000e\000x\000t\000o}{appendix.Alph2}% 46
\BOOKMARK [1][-]{section.Alph2.6}{\376\377\000F\000i\000g\000u\000r\000a\000s}{appendix.Alph2}% 47
\BOOKMARK [1][-]{section.Alph2.7}{\376\377\000C\000\363\000d\000i\000g\000o\000\040\000s\000o\000f\000t\000w\000a\000r\000e}{appendix.Alph2}% 48
\BOOKMARK [1][-]{section.Alph2.8}{\376\377\000P\000i\000e\000\040\000d\000e\000\040\000p\000\341\000g\000i\000n\000a}{appendix.Alph2}% 49
\BOOKMARK [0][-]{section.Alph2.8}{\376\377\000B\000i\000b\000l\000i\000o\000g\000r\000a\000f\000i\000a}{}% 50
